-------------------------------------------------------------------------------
Test set: com.revature.unittest.parameterizedAndExceptionsTests$MethodSourceExamples
-------------------------------------------------------------------------------
Tests run: 2, Failures: 0, Errors: 2, Skipped: 0, Time elapsed: 0.044 s <<< FAILURE! -- in com.revature.unittest.parameterizedAndExceptionsTests$MethodSourceExamples
com.revature.unittest.parameterizedAndExceptionsTests$MethodSourceExamples.minMax_variousCases_correctResult(int, int, int, int) -- Time elapsed: 0 s <<< ERROR!
java.lang.Error: 
Unresolved compilation problem: 
	Syntax error, insert ";" to complete BlockStatements

	at com.revature.unittest.parameterizedAndExceptionsTests$MethodSourceExamples.provideMinMaxTestCases(parameterizedAndExceptionsTests.java:176)

com.revature.unittest.parameterizedAndExceptionsTests$MethodSourceExamples.absoluteValue_variousNumbers_correctResult(int, int) -- Time elapsed: 0 s <<< ERROR!
java.lang.Error: 
Unresolved compilation problem: 
	Syntax error, insert ";" to complete BlockStatements

	at com.revature.unittest.parameterizedAndExceptionsTests$MethodSourceExamples.provideNumbersForAbsoluteValue(parameterizedAndExceptionsTests.java:154)

