-------------------------------------------------------------------------------
Test set: com.revature.unittest.parameterizedAndExceptionsTests$CsvSourceExamples
-------------------------------------------------------------------------------
Tests run: 12, Failures: 0, Errors: 12, Skipped: 0, Time elapsed: 0.120 s <<< FAILURE! -- in com.revature.unittest.parameterizedAndExceptionsTests$CsvSourceExamples
com.revature.unittest.parameterizedAndExceptionsTests$CsvSourceExamples.stringLength_customDelimiter(String, int)[1] -- Time elapsed: 0.002 s <<< ERROR!
java.lang.Error: 
Unresolved compilation problems: 
	Syntax error, insert "enum Identifier" to complete EnumHeaderName
	Syntax error, insert "EnumBody" to complete ClassBodyDeclarations
	Syntax error, insert ";" to complete BlockStatements
	Syntax error, insert ";" to complete BlockStatements
	The method assertThrows(Class<T>, Executable) in the type Assertions is not applicable for the arguments (Class<ArithmeticException>)
	Syntax error on token ",", [ expected
	The target type of this expression must be a functional interface
	Syntax error, insert "]" to complete Expression
	Syntax error, insert "AssignmentOperator Expression" to complete Expression
	Syntax error, insert ";" to complete BlockStatements
	ArithemticException cannot be resolved to a type
	Syntax error on token "exception", delete this token
	getMessage cannot be resolved or is not a field
	The method assertDoesNotThrow(Executable) in the type Assertions is not applicable for the arguments ()
	Syntax error on token "->", ; expected

	at com.revature.unittest.parameterizedAndExceptionsTests.<init>(parameterizedAndExceptionsTests.java:139)

com.revature.unittest.parameterizedAndExceptionsTests$CsvSourceExamples.stringLength_customDelimiter(String, int)[2] -- Time elapsed: 0.001 s <<< ERROR!
java.lang.Error: 
Unresolved compilation problems: 
	Syntax error, insert "enum Identifier" to complete EnumHeaderName
	Syntax error, insert "EnumBody" to complete ClassBodyDeclarations
	Syntax error, insert ";" to complete BlockStatements
	Syntax error, insert ";" to complete BlockStatements
	The method assertThrows(Class<T>, Executable) in the type Assertions is not applicable for the arguments (Class<ArithmeticException>)
	Syntax error on token ",", [ expected
	The target type of this expression must be a functional interface
	Syntax error, insert "]" to complete Expression
	Syntax error, insert "AssignmentOperator Expression" to complete Expression
	Syntax error, insert ";" to complete BlockStatements
	ArithemticException cannot be resolved to a type
	Syntax error on token "exception", delete this token
	getMessage cannot be resolved or is not a field
	The method assertDoesNotThrow(Executable) in the type Assertions is not applicable for the arguments ()
	Syntax error on token "->", ; expected

	at com.revature.unittest.parameterizedAndExceptionsTests.<init>(parameterizedAndExceptionsTests.java:139)

com.revature.unittest.parameterizedAndExceptionsTests$CsvSourceExamples.stringLength_customDelimiter(String, int)[3] -- Time elapsed: 0.002 s <<< ERROR!
java.lang.Error: 
Unresolved compilation problems: 
	Syntax error, insert "enum Identifier" to complete EnumHeaderName
	Syntax error, insert "EnumBody" to complete ClassBodyDeclarations
	Syntax error, insert ";" to complete BlockStatements
	Syntax error, insert ";" to complete BlockStatements
	The method assertThrows(Class<T>, Executable) in the type Assertions is not applicable for the arguments (Class<ArithmeticException>)
	Syntax error on token ",", [ expected
	The target type of this expression must be a functional interface
	Syntax error, insert "]" to complete Expression
	Syntax error, insert "AssignmentOperator Expression" to complete Expression
	Syntax error, insert ";" to complete BlockStatements
	ArithemticException cannot be resolved to a type
	Syntax error on token "exception", delete this token
	getMessage cannot be resolved or is not a field
	The method assertDoesNotThrow(Executable) in the type Assertions is not applicable for the arguments ()
	Syntax error on token "->", ; expected

	at com.revature.unittest.parameterizedAndExceptionsTests.<init>(parameterizedAndExceptionsTests.java:139)

com.revature.unittest.parameterizedAndExceptionsTests$CsvSourceExamples.stringLength_customDelimiter(String, int)[4] -- Time elapsed: 0.002 s <<< ERROR!
java.lang.Error: 
Unresolved compilation problems: 
	Syntax error, insert "enum Identifier" to complete EnumHeaderName
	Syntax error, insert "EnumBody" to complete ClassBodyDeclarations
	Syntax error, insert ";" to complete BlockStatements
	Syntax error, insert ";" to complete BlockStatements
	The method assertThrows(Class<T>, Executable) in the type Assertions is not applicable for the arguments (Class<ArithmeticException>)
	Syntax error on token ",", [ expected
	The target type of this expression must be a functional interface
	Syntax error, insert "]" to complete Expression
	Syntax error, insert "AssignmentOperator Expression" to complete Expression
	Syntax error, insert ";" to complete BlockStatements
	ArithemticException cannot be resolved to a type
	Syntax error on token "exception", delete this token
	getMessage cannot be resolved or is not a field
	The method assertDoesNotThrow(Executable) in the type Assertions is not applicable for the arguments ()
	Syntax error on token "->", ; expected

	at com.revature.unittest.parameterizedAndExceptionsTests.<init>(parameterizedAndExceptionsTests.java:139)

com.revature.unittest.parameterizedAndExceptionsTests$CsvSourceExamples.add_withCustomDisplayName(int, int, int)[1] -- Time elapsed: 0.001 s <<< ERROR!
java.lang.Error: 
Unresolved compilation problems: 
	Syntax error, insert "enum Identifier" to complete EnumHeaderName
	Syntax error, insert "EnumBody" to complete ClassBodyDeclarations
	Syntax error, insert ";" to complete BlockStatements
	Syntax error, insert ";" to complete BlockStatements
	The method assertThrows(Class<T>, Executable) in the type Assertions is not applicable for the arguments (Class<ArithmeticException>)
	Syntax error on token ",", [ expected
	The target type of this expression must be a functional interface
	Syntax error, insert "]" to complete Expression
	Syntax error, insert "AssignmentOperator Expression" to complete Expression
	Syntax error, insert ";" to complete BlockStatements
	ArithemticException cannot be resolved to a type
	Syntax error on token "exception", delete this token
	getMessage cannot be resolved or is not a field
	The method assertDoesNotThrow(Executable) in the type Assertions is not applicable for the arguments ()
	Syntax error on token "->", ; expected

	at com.revature.unittest.parameterizedAndExceptionsTests.<init>(parameterizedAndExceptionsTests.java:139)

com.revature.unittest.parameterizedAndExceptionsTests$CsvSourceExamples.add_withCustomDisplayName(int, int, int)[2] -- Time elapsed: 0.001 s <<< ERROR!
java.lang.Error: 
Unresolved compilation problems: 
	Syntax error, insert "enum Identifier" to complete EnumHeaderName
	Syntax error, insert "EnumBody" to complete ClassBodyDeclarations
	Syntax error, insert ";" to complete BlockStatements
	Syntax error, insert ";" to complete BlockStatements
	The method assertThrows(Class<T>, Executable) in the type Assertions is not applicable for the arguments (Class<ArithmeticException>)
	Syntax error on token ",", [ expected
	The target type of this expression must be a functional interface
	Syntax error, insert "]" to complete Expression
	Syntax error, insert "AssignmentOperator Expression" to complete Expression
	Syntax error, insert ";" to complete BlockStatements
	ArithemticException cannot be resolved to a type
	Syntax error on token "exception", delete this token
	getMessage cannot be resolved or is not a field
	The method assertDoesNotThrow(Executable) in the type Assertions is not applicable for the arguments ()
	Syntax error on token "->", ; expected

	at com.revature.unittest.parameterizedAndExceptionsTests.<init>(parameterizedAndExceptionsTests.java:139)

com.revature.unittest.parameterizedAndExceptionsTests$CsvSourceExamples.add_withCustomDisplayName(int, int, int)[3] -- Time elapsed: 0.001 s <<< ERROR!
java.lang.Error: 
Unresolved compilation problems: 
	Syntax error, insert "enum Identifier" to complete EnumHeaderName
	Syntax error, insert "EnumBody" to complete ClassBodyDeclarations
	Syntax error, insert ";" to complete BlockStatements
	Syntax error, insert ";" to complete BlockStatements
	The method assertThrows(Class<T>, Executable) in the type Assertions is not applicable for the arguments (Class<ArithmeticException>)
	Syntax error on token ",", [ expected
	The target type of this expression must be a functional interface
	Syntax error, insert "]" to complete Expression
	Syntax error, insert "AssignmentOperator Expression" to complete Expression
	Syntax error, insert ";" to complete BlockStatements
	ArithemticException cannot be resolved to a type
	Syntax error on token "exception", delete this token
	getMessage cannot be resolved or is not a field
	The method assertDoesNotThrow(Executable) in the type Assertions is not applicable for the arguments ()
	Syntax error on token "->", ; expected

	at com.revature.unittest.parameterizedAndExceptionsTests.<init>(parameterizedAndExceptionsTests.java:139)

com.revature.unittest.parameterizedAndExceptionsTests$CsvSourceExamples.add_variousInputs_correctResult(int, int, int)[1] -- Time elapsed: 0.002 s <<< ERROR!
java.lang.Error: 
Unresolved compilation problems: 
	Syntax error, insert "enum Identifier" to complete EnumHeaderName
	Syntax error, insert "EnumBody" to complete ClassBodyDeclarations
	Syntax error, insert ";" to complete BlockStatements
	Syntax error, insert ";" to complete BlockStatements
	The method assertThrows(Class<T>, Executable) in the type Assertions is not applicable for the arguments (Class<ArithmeticException>)
	Syntax error on token ",", [ expected
	The target type of this expression must be a functional interface
	Syntax error, insert "]" to complete Expression
	Syntax error, insert "AssignmentOperator Expression" to complete Expression
	Syntax error, insert ";" to complete BlockStatements
	ArithemticException cannot be resolved to a type
	Syntax error on token "exception", delete this token
	getMessage cannot be resolved or is not a field
	The method assertDoesNotThrow(Executable) in the type Assertions is not applicable for the arguments ()
	Syntax error on token "->", ; expected

	at com.revature.unittest.parameterizedAndExceptionsTests.<init>(parameterizedAndExceptionsTests.java:139)

com.revature.unittest.parameterizedAndExceptionsTests$CsvSourceExamples.add_variousInputs_correctResult(int, int, int)[2] -- Time elapsed: 0.003 s <<< ERROR!
java.lang.Error: 
Unresolved compilation problems: 
	Syntax error, insert "enum Identifier" to complete EnumHeaderName
	Syntax error, insert "EnumBody" to complete ClassBodyDeclarations
	Syntax error, insert ";" to complete BlockStatements
	Syntax error, insert ";" to complete BlockStatements
	The method assertThrows(Class<T>, Executable) in the type Assertions is not applicable for the arguments (Class<ArithmeticException>)
	Syntax error on token ",", [ expected
	The target type of this expression must be a functional interface
	Syntax error, insert "]" to complete Expression
	Syntax error, insert "AssignmentOperator Expression" to complete Expression
	Syntax error, insert ";" to complete BlockStatements
	ArithemticException cannot be resolved to a type
	Syntax error on token "exception", delete this token
	getMessage cannot be resolved or is not a field
	The method assertDoesNotThrow(Executable) in the type Assertions is not applicable for the arguments ()
	Syntax error on token "->", ; expected

	at com.revature.unittest.parameterizedAndExceptionsTests.<init>(parameterizedAndExceptionsTests.java:139)

com.revature.unittest.parameterizedAndExceptionsTests$CsvSourceExamples.add_variousInputs_correctResult(int, int, int)[3] -- Time elapsed: 0.002 s <<< ERROR!
java.lang.Error: 
Unresolved compilation problems: 
	Syntax error, insert "enum Identifier" to complete EnumHeaderName
	Syntax error, insert "EnumBody" to complete ClassBodyDeclarations
	Syntax error, insert ";" to complete BlockStatements
	Syntax error, insert ";" to complete BlockStatements
	The method assertThrows(Class<T>, Executable) in the type Assertions is not applicable for the arguments (Class<ArithmeticException>)
	Syntax error on token ",", [ expected
	The target type of this expression must be a functional interface
	Syntax error, insert "]" to complete Expression
	Syntax error, insert "AssignmentOperator Expression" to complete Expression
	Syntax error, insert ";" to complete BlockStatements
	ArithemticException cannot be resolved to a type
	Syntax error on token "exception", delete this token
	getMessage cannot be resolved or is not a field
	The method assertDoesNotThrow(Executable) in the type Assertions is not applicable for the arguments ()
	Syntax error on token "->", ; expected

	at com.revature.unittest.parameterizedAndExceptionsTests.<init>(parameterizedAndExceptionsTests.java:139)

com.revature.unittest.parameterizedAndExceptionsTests$CsvSourceExamples.add_variousInputs_correctResult(int, int, int)[4] -- Time elapsed: 0.001 s <<< ERROR!
java.lang.Error: 
Unresolved compilation problems: 
	Syntax error, insert "enum Identifier" to complete EnumHeaderName
	Syntax error, insert "EnumBody" to complete ClassBodyDeclarations
	Syntax error, insert ";" to complete BlockStatements
	Syntax error, insert ";" to complete BlockStatements
	The method assertThrows(Class<T>, Executable) in the type Assertions is not applicable for the arguments (Class<ArithmeticException>)
	Syntax error on token ",", [ expected
	The target type of this expression must be a functional interface
	Syntax error, insert "]" to complete Expression
	Syntax error, insert "AssignmentOperator Expression" to complete Expression
	Syntax error, insert ";" to complete BlockStatements
	ArithemticException cannot be resolved to a type
	Syntax error on token "exception", delete this token
	getMessage cannot be resolved or is not a field
	The method assertDoesNotThrow(Executable) in the type Assertions is not applicable for the arguments ()
	Syntax error on token "->", ; expected

	at com.revature.unittest.parameterizedAndExceptionsTests.<init>(parameterizedAndExceptionsTests.java:139)

com.revature.unittest.parameterizedAndExceptionsTests$CsvSourceExamples.add_variousInputs_correctResult(int, int, int)[5] -- Time elapsed: 0.001 s <<< ERROR!
java.lang.Error: 
Unresolved compilation problems: 
	Syntax error, insert "enum Identifier" to complete EnumHeaderName
	Syntax error, insert "EnumBody" to complete ClassBodyDeclarations
	Syntax error, insert ";" to complete BlockStatements
	Syntax error, insert ";" to complete BlockStatements
	The method assertThrows(Class<T>, Executable) in the type Assertions is not applicable for the arguments (Class<ArithmeticException>)
	Syntax error on token ",", [ expected
	The target type of this expression must be a functional interface
	Syntax error, insert "]" to complete Expression
	Syntax error, insert "AssignmentOperator Expression" to complete Expression
	Syntax error, insert ";" to complete BlockStatements
	ArithemticException cannot be resolved to a type
	Syntax error on token "exception", delete this token
	getMessage cannot be resolved or is not a field
	The method assertDoesNotThrow(Executable) in the type Assertions is not applicable for the arguments ()
	Syntax error on token "->", ; expected

	at com.revature.unittest.parameterizedAndExceptionsTests.<init>(parameterizedAndExceptionsTests.java:139)

