-------------------------------------------------------------------------------
Test set: com.revature.unittest.parameterizedAndExceptionsTests$Exceptions
-------------------------------------------------------------------------------
Tests run: 3, Failures: 0, Errors: 3, Skipped: 0, Time elapsed: 0.008 s <<< FAILURE! -- in com.revature.unittest.parameterizedAndExceptionsTests$Exceptions
com.revature.unittest.parameterizedAndExceptionsTests$Exceptions.divide_byZero_throwsArithmeticException -- Time elapsed: 0.001 s <<< ERROR!
java.lang.Error: 
Unresolved compilation problems: 
	Syntax error, insert "enum Identifier" to complete EnumHeaderName
	Syntax error, insert "EnumBody" to complete ClassBodyDeclarations
	Syntax error, insert ";" to complete BlockStatements
	Syntax error, insert ";" to complete BlockStatements
	The method assertThrows(Class<T>, Executable) in the type Assertions is not applicable for the arguments (Class<ArithmeticException>)
	Syntax error on token ",", [ expected
	The target type of this expression must be a functional interface
	Syntax error, insert "]" to complete Expression
	Syntax error, insert "AssignmentOperator Expression" to complete Expression
	Syntax error, insert ";" to complete BlockStatements
	ArithemticException cannot be resolved to a type
	Syntax error on token "exception", delete this token
	getMessage cannot be resolved or is not a field
	The method assertDoesNotThrow(Executable) in the type Assertions is not applicable for the arguments ()
	Syntax error on token "->", ; expected

	at com.revature.unittest.parameterizedAndExceptionsTests.<init>(parameterizedAndExceptionsTests.java:139)

com.revature.unittest.parameterizedAndExceptionsTests$Exceptions.divide_byZero_exceptionHasCorrectMessage -- Time elapsed: 0.001 s <<< ERROR!
java.lang.Error: 
Unresolved compilation problems: 
	Syntax error, insert "enum Identifier" to complete EnumHeaderName
	Syntax error, insert "EnumBody" to complete ClassBodyDeclarations
	Syntax error, insert ";" to complete BlockStatements
	Syntax error, insert ";" to complete BlockStatements
	The method assertThrows(Class<T>, Executable) in the type Assertions is not applicable for the arguments (Class<ArithmeticException>)
	Syntax error on token ",", [ expected
	The target type of this expression must be a functional interface
	Syntax error, insert "]" to complete Expression
	Syntax error, insert "AssignmentOperator Expression" to complete Expression
	Syntax error, insert ";" to complete BlockStatements
	ArithemticException cannot be resolved to a type
	Syntax error on token "exception", delete this token
	getMessage cannot be resolved or is not a field
	The method assertDoesNotThrow(Executable) in the type Assertions is not applicable for the arguments ()
	Syntax error on token "->", ; expected

	at com.revature.unittest.parameterizedAndExceptionsTests.<init>(parameterizedAndExceptionsTests.java:139)

com.revature.unittest.parameterizedAndExceptionsTests$Exceptions.divide_validInputs_noException -- Time elapsed: 0.001 s <<< ERROR!
java.lang.Error: 
Unresolved compilation problems: 
	Syntax error, insert "enum Identifier" to complete EnumHeaderName
	Syntax error, insert "EnumBody" to complete ClassBodyDeclarations
	Syntax error, insert ";" to complete BlockStatements
	Syntax error, insert ";" to complete BlockStatements
	The method assertThrows(Class<T>, Executable) in the type Assertions is not applicable for the arguments (Class<ArithmeticException>)
	Syntax error on token ",", [ expected
	The target type of this expression must be a functional interface
	Syntax error, insert "]" to complete Expression
	Syntax error, insert "AssignmentOperator Expression" to complete Expression
	Syntax error, insert ";" to complete BlockStatements
	ArithemticException cannot be resolved to a type
	Syntax error on token "exception", delete this token
	getMessage cannot be resolved or is not a field
	The method assertDoesNotThrow(Executable) in the type Assertions is not applicable for the arguments ()
	Syntax error on token "->", ; expected

	at com.revature.unittest.parameterizedAndExceptionsTests.<init>(parameterizedAndExceptionsTests.java:139)

