<?xml version="1.0" encoding="UTF-8"?>
<testsuite xmlns:xsi="http://www.w3.org/2001/XMLSchema-instance" xsi:noNamespaceSchemaLocation="https://maven.apache.org/surefire/maven-surefire-plugin/xsd/surefire-test-report-3.0.xsd" version="3.0" name="com.revature.unittest.parameterizedAndExceptionsTests$NullEmptyExamples" time="0.034" tests="8" errors="8" skipped="0" failures="0">
  <properties>
[...]
</properties>
  <testcase name="handleEmpty_emptyInput_handled(String)[1]" classname="com.revature.unittest.parameterizedAndExceptionsTests$NullEmptyExamples" time="0.002">
    <error message="Unresolved compilation problems: &#10;	Syntax error, insert &quot;enum Identifier&quot; to complete EnumHeaderName&#10;	Syntax error, insert &quot;EnumBody&quot; to complete ClassBodyDeclarations&#10;	Syntax error, insert &quot;;&quot; to complete BlockStatements&#10;	Syntax error, insert &quot;;&quot; to complete BlockStatements&#10;	The method assertThrows(Class&lt;T&gt;, Executable) in the type Assertions is not applicable for the arguments (Class&lt;ArithmeticException&gt;)&#10;	Syntax error on token &quot;,&quot;, [ expected&#10;	The target type of this expression must be a functional interface&#10;	Syntax error, insert &quot;]&quot; to complete Expression&#10;	Syntax error, insert &quot;AssignmentOperator Expression&quot; to complete Expression&#10;	Syntax error, insert &quot;;&quot; to complete BlockStatements&#10;	ArithemticException cannot be resolved to a type&#10;	Syntax error on token &quot;exception&quot;, delete this token&#10;	getMessage cannot be resolved or is not a field&#10;	The method assertDoesNotThrow(Executable) in the type Assertions is not applicable for the arguments ()&#10;	Syntax error on token &quot;-&gt;&quot;, ; expected&#10;" type="java.lang.Error"><![CDATA[java.lang.Error: 
Unresolved compilation problems: 
	Syntax error, insert "enum Identifier" to complete EnumHeaderName
	Syntax error, insert "EnumBody" to complete ClassBodyDeclarations
	Syntax error, insert ";" to complete BlockStatements
	Syntax error, insert ";" to complete BlockStatements
	The method assertThrows(Class<T>, Executable) in the type Assertions is not applicable for the arguments (Class<ArithmeticException>)
	Syntax error on token ",", [ expected
	The target type of this expression must be a functional interface
	Syntax error, insert "]" to complete Expression
	Syntax error, insert "AssignmentOperator Expression" to complete Expression
	Syntax error, insert ";" to complete BlockStatements
	ArithemticException cannot be resolved to a type
	Syntax error on token "exception", delete this token
	getMessage cannot be resolved or is not a field
	The method assertDoesNotThrow(Executable) in the type Assertions is not applicable for the arguments ()
	Syntax error on token "->", ; expected

	at com.revature.unittest.parameterizedAndExceptionsTests.<init>(parameterizedAndExceptionsTests.java:139)
]]></error>
  </testcase>
  <testcase name="handleNull_nullInput_handled(String)[1]" classname="com.revature.unittest.parameterizedAndExceptionsTests$NullEmptyExamples" time="0.001">
    <error message="Unresolved compilation problems: &#10;	Syntax error, insert &quot;enum Identifier&quot; to complete EnumHeaderName&#10;	Syntax error, insert &quot;EnumBody&quot; to complete ClassBodyDeclarations&#10;	Syntax error, insert &quot;;&quot; to complete BlockStatements&#10;	Syntax error, insert &quot;;&quot; to complete BlockStatements&#10;	The method assertThrows(Class&lt;T&gt;, Executable) in the type Assertions is not applicable for the arguments (Class&lt;ArithmeticException&gt;)&#10;	Syntax error on token &quot;,&quot;, [ expected&#10;	The target type of this expression must be a functional interface&#10;	Syntax error, insert &quot;]&quot; to complete Expression&#10;	Syntax error, insert &quot;AssignmentOperator Expression&quot; to complete Expression&#10;	Syntax error, insert &quot;;&quot; to complete BlockStatements&#10;	ArithemticException cannot be resolved to a type&#10;	Syntax error on token &quot;exception&quot;, delete this token&#10;	getMessage cannot be resolved or is not a field&#10;	The method assertDoesNotThrow(Executable) in the type Assertions is not applicable for the arguments ()&#10;	Syntax error on token &quot;-&gt;&quot;, ; expected&#10;" type="java.lang.Error"><![CDATA[java.lang.Error: 
Unresolved compilation problems: 
	Syntax error, insert "enum Identifier" to complete EnumHeaderName
	Syntax error, insert "EnumBody" to complete ClassBodyDeclarations
	Syntax error, insert ";" to complete BlockStatements
	Syntax error, insert ";" to complete BlockStatements
	The method assertThrows(Class<T>, Executable) in the type Assertions is not applicable for the arguments (Class<ArithmeticException>)
	Syntax error on token ",", [ expected
	The target type of this expression must be a functional interface
	Syntax error, insert "]" to complete Expression
	Syntax error, insert "AssignmentOperator Expression" to complete Expression
	Syntax error, insert ";" to complete BlockStatements
	ArithemticException cannot be resolved to a type
	Syntax error on token "exception", delete this token
	getMessage cannot be resolved or is not a field
	The method assertDoesNotThrow(Executable) in the type Assertions is not applicable for the arguments ()
	Syntax error on token "->", ; expected

	at com.revature.unittest.parameterizedAndExceptionsTests.<init>(parameterizedAndExceptionsTests.java:139)
]]></error>
  </testcase>
  <testcase name="validateInput_blankInputs_rejected(String)[1]" classname="com.revature.unittest.parameterizedAndExceptionsTests$NullEmptyExamples" time="0.001">
    <error message="Unresolved compilation problems: &#10;	Syntax error, insert &quot;enum Identifier&quot; to complete EnumHeaderName&#10;	Syntax error, insert &quot;EnumBody&quot; to complete ClassBodyDeclarations&#10;	Syntax error, insert &quot;;&quot; to complete BlockStatements&#10;	Syntax error, insert &quot;;&quot; to complete BlockStatements&#10;	The method assertThrows(Class&lt;T&gt;, Executable) in the type Assertions is not applicable for the arguments (Class&lt;ArithmeticException&gt;)&#10;	Syntax error on token &quot;,&quot;, [ expected&#10;	The target type of this expression must be a functional interface&#10;	Syntax error, insert &quot;]&quot; to complete Expression&#10;	Syntax error, insert &quot;AssignmentOperator Expression&quot; to complete Expression&#10;	Syntax error, insert &quot;;&quot; to complete BlockStatements&#10;	ArithemticException cannot be resolved to a type&#10;	Syntax error on token &quot;exception&quot;, delete this token&#10;	getMessage cannot be resolved or is not a field&#10;	The method assertDoesNotThrow(Executable) in the type Assertions is not applicable for the arguments ()&#10;	Syntax error on token &quot;-&gt;&quot;, ; expected&#10;" type="java.lang.Error"><![CDATA[java.lang.Error: 
Unresolved compilation problems: 
	Syntax error, insert "enum Identifier" to complete EnumHeaderName
	Syntax error, insert "EnumBody" to complete ClassBodyDeclarations
	Syntax error, insert ";" to complete BlockStatements
	Syntax error, insert ";" to complete BlockStatements
	The method assertThrows(Class<T>, Executable) in the type Assertions is not applicable for the arguments (Class<ArithmeticException>)
	Syntax error on token ",", [ expected
	The target type of this expression must be a functional interface
	Syntax error, insert "]" to complete Expression
	Syntax error, insert "AssignmentOperator Expression" to complete Expression
	Syntax error, insert ";" to complete BlockStatements
	ArithemticException cannot be resolved to a type
	Syntax error on token "exception", delete this token
	getMessage cannot be resolved or is not a field
	The method assertDoesNotThrow(Executable) in the type Assertions is not applicable for the arguments ()
	Syntax error on token "->", ; expected

	at com.revature.unittest.parameterizedAndExceptionsTests.<init>(parameterizedAndExceptionsTests.java:139)
]]></error>
  </testcase>
  <testcase name="validateInput_blankInputs_rejected(String)[2]" classname="com.revature.unittest.parameterizedAndExceptionsTests$NullEmptyExamples" time="0.001">
    <error message="Unresolved compilation problems: &#10;	Syntax error, insert &quot;enum Identifier&quot; to complete EnumHeaderName&#10;	Syntax error, insert &quot;EnumBody&quot; to complete ClassBodyDeclarations&#10;	Syntax error, insert &quot;;&quot; to complete BlockStatements&#10;	Syntax error, insert &quot;;&quot; to complete BlockStatements&#10;	The method assertThrows(Class&lt;T&gt;, Executable) in the type Assertions is not applicable for the arguments (Class&lt;ArithmeticException&gt;)&#10;	Syntax error on token &quot;,&quot;, [ expected&#10;	The target type of this expression must be a functional interface&#10;	Syntax error, insert &quot;]&quot; to complete Expression&#10;	Syntax error, insert &quot;AssignmentOperator Expression&quot; to complete Expression&#10;	Syntax error, insert &quot;;&quot; to complete BlockStatements&#10;	ArithemticException cannot be resolved to a type&#10;	Syntax error on token &quot;exception&quot;, delete this token&#10;	getMessage cannot be resolved or is not a field&#10;	The method assertDoesNotThrow(Executable) in the type Assertions is not applicable for the arguments ()&#10;	Syntax error on token &quot;-&gt;&quot;, ; expected&#10;" type="java.lang.Error"><![CDATA[java.lang.Error: 
Unresolved compilation problems: 
	Syntax error, insert "enum Identifier" to complete EnumHeaderName
	Syntax error, insert "EnumBody" to complete ClassBodyDeclarations
	Syntax error, insert ";" to complete BlockStatements
	Syntax error, insert ";" to complete BlockStatements
	The method assertThrows(Class<T>, Executable) in the type Assertions is not applicable for the arguments (Class<ArithmeticException>)
	Syntax error on token ",", [ expected
	The target type of this expression must be a functional interface
	Syntax error, insert "]" to complete Expression
	Syntax error, insert "AssignmentOperator Expression" to complete Expression
	Syntax error, insert ";" to complete BlockStatements
	ArithemticException cannot be resolved to a type
	Syntax error on token "exception", delete this token
	getMessage cannot be resolved or is not a field
	The method assertDoesNotThrow(Executable) in the type Assertions is not applicable for the arguments ()
	Syntax error on token "->", ; expected

	at com.revature.unittest.parameterizedAndExceptionsTests.<init>(parameterizedAndExceptionsTests.java:139)
]]></error>
  </testcase>
  <testcase name="validateInput_blankInputs_rejected(String)[3]" classname="com.revature.unittest.parameterizedAndExceptionsTests$NullEmptyExamples" time="0.001">
    <error message="Unresolved compilation problems: &#10;	Syntax error, insert &quot;enum Identifier&quot; to complete EnumHeaderName&#10;	Syntax error, insert &quot;EnumBody&quot; to complete ClassBodyDeclarations&#10;	Syntax error, insert &quot;;&quot; to complete BlockStatements&#10;	Syntax error, insert &quot;;&quot; to complete BlockStatements&#10;	The method assertThrows(Class&lt;T&gt;, Executable) in the type Assertions is not applicable for the arguments (Class&lt;ArithmeticException&gt;)&#10;	Syntax error on token &quot;,&quot;, [ expected&#10;	The target type of this expression must be a functional interface&#10;	Syntax error, insert &quot;]&quot; to complete Expression&#10;	Syntax error, insert &quot;AssignmentOperator Expression&quot; to complete Expression&#10;	Syntax error, insert &quot;;&quot; to complete BlockStatements&#10;	ArithemticException cannot be resolved to a type&#10;	Syntax error on token &quot;exception&quot;, delete this token&#10;	getMessage cannot be resolved or is not a field&#10;	The method assertDoesNotThrow(Executable) in the type Assertions is not applicable for the arguments ()&#10;	Syntax error on token &quot;-&gt;&quot;, ; expected&#10;" type="java.lang.Error"><![CDATA[java.lang.Error: 
Unresolved compilation problems: 
	Syntax error, insert "enum Identifier" to complete EnumHeaderName
	Syntax error, insert "EnumBody" to complete ClassBodyDeclarations
	Syntax error, insert ";" to complete BlockStatements
	Syntax error, insert ";" to complete BlockStatements
	The method assertThrows(Class<T>, Executable) in the type Assertions is not applicable for the arguments (Class<ArithmeticException>)
	Syntax error on token ",", [ expected
	The target type of this expression must be a functional interface
	Syntax error, insert "]" to complete Expression
	Syntax error, insert "AssignmentOperator Expression" to complete Expression
	Syntax error, insert ";" to complete BlockStatements
	ArithemticException cannot be resolved to a type
	Syntax error on token "exception", delete this token
	getMessage cannot be resolved or is not a field
	The method assertDoesNotThrow(Executable) in the type Assertions is not applicable for the arguments ()
	Syntax error on token "->", ; expected

	at com.revature.unittest.parameterizedAndExceptionsTests.<init>(parameterizedAndExceptionsTests.java:139)
]]></error>
  </testcase>
  <testcase name="validateInput_blankInputs_rejected(String)[4]" classname="com.revature.unittest.parameterizedAndExceptionsTests$NullEmptyExamples" time="0.001">
    <error message="Unresolved compilation problems: &#10;	Syntax error, insert &quot;enum Identifier&quot; to complete EnumHeaderName&#10;	Syntax error, insert &quot;EnumBody&quot; to complete ClassBodyDeclarations&#10;	Syntax error, insert &quot;;&quot; to complete BlockStatements&#10;	Syntax error, insert &quot;;&quot; to complete BlockStatements&#10;	The method assertThrows(Class&lt;T&gt;, Executable) in the type Assertions is not applicable for the arguments (Class&lt;ArithmeticException&gt;)&#10;	Syntax error on token &quot;,&quot;, [ expected&#10;	The target type of this expression must be a functional interface&#10;	Syntax error, insert &quot;]&quot; to complete Expression&#10;	Syntax error, insert &quot;AssignmentOperator Expression&quot; to complete Expression&#10;	Syntax error, insert &quot;;&quot; to complete BlockStatements&#10;	ArithemticException cannot be resolved to a type&#10;	Syntax error on token &quot;exception&quot;, delete this token&#10;	getMessage cannot be resolved or is not a field&#10;	The method assertDoesNotThrow(Executable) in the type Assertions is not applicable for the arguments ()&#10;	Syntax error on token &quot;-&gt;&quot;, ; expected&#10;" type="java.lang.Error"><![CDATA[java.lang.Error: 
Unresolved compilation problems: 
	Syntax error, insert "enum Identifier" to complete EnumHeaderName
	Syntax error, insert "EnumBody" to complete ClassBodyDeclarations
	Syntax error, insert ";" to complete BlockStatements
	Syntax error, insert ";" to complete BlockStatements
	The method assertThrows(Class<T>, Executable) in the type Assertions is not applicable for the arguments (Class<ArithmeticException>)
	Syntax error on token ",", [ expected
	The target type of this expression must be a functional interface
	Syntax error, insert "]" to complete Expression
	Syntax error, insert "AssignmentOperator Expression" to complete Expression
	Syntax error, insert ";" to complete BlockStatements
	ArithemticException cannot be resolved to a type
	Syntax error on token "exception", delete this token
	getMessage cannot be resolved or is not a field
	The method assertDoesNotThrow(Executable) in the type Assertions is not applicable for the arguments ()
	Syntax error on token "->", ; expected

	at com.revature.unittest.parameterizedAndExceptionsTests.<init>(parameterizedAndExceptionsTests.java:139)
]]></error>
  </testcase>
  <testcase name="validateInput_blankInputs_rejected(String)[5]" classname="com.revature.unittest.parameterizedAndExceptionsTests$NullEmptyExamples" time="0.002">
    <error message="Unresolved compilation problems: &#10;	Syntax error, insert &quot;enum Identifier&quot; to complete EnumHeaderName&#10;	Syntax error, insert &quot;EnumBody&quot; to complete ClassBodyDeclarations&#10;	Syntax error, insert &quot;;&quot; to complete BlockStatements&#10;	Syntax error, insert &quot;;&quot; to complete BlockStatements&#10;	The method assertThrows(Class&lt;T&gt;, Executable) in the type Assertions is not applicable for the arguments (Class&lt;ArithmeticException&gt;)&#10;	Syntax error on token &quot;,&quot;, [ expected&#10;	The target type of this expression must be a functional interface&#10;	Syntax error, insert &quot;]&quot; to complete Expression&#10;	Syntax error, insert &quot;AssignmentOperator Expression&quot; to complete Expression&#10;	Syntax error, insert &quot;;&quot; to complete BlockStatements&#10;	ArithemticException cannot be resolved to a type&#10;	Syntax error on token &quot;exception&quot;, delete this token&#10;	getMessage cannot be resolved or is not a field&#10;	The method assertDoesNotThrow(Executable) in the type Assertions is not applicable for the arguments ()&#10;	Syntax error on token &quot;-&gt;&quot;, ; expected&#10;" type="java.lang.Error"><![CDATA[java.lang.Error: 
Unresolved compilation problems: 
	Syntax error, insert "enum Identifier" to complete EnumHeaderName
	Syntax error, insert "EnumBody" to complete ClassBodyDeclarations
	Syntax error, insert ";" to complete BlockStatements
	Syntax error, insert ";" to complete BlockStatements
	The method assertThrows(Class<T>, Executable) in the type Assertions is not applicable for the arguments (Class<ArithmeticException>)
	Syntax error on token ",", [ expected
	The target type of this expression must be a functional interface
	Syntax error, insert "]" to complete Expression
	Syntax error, insert "AssignmentOperator Expression" to complete Expression
	Syntax error, insert ";" to complete BlockStatements
	ArithemticException cannot be resolved to a type
	Syntax error on token "exception", delete this token
	getMessage cannot be resolved or is not a field
	The method assertDoesNotThrow(Executable) in the type Assertions is not applicable for the arguments ()
	Syntax error on token "->", ; expected

	at com.revature.unittest.parameterizedAndExceptionsTests.<init>(parameterizedAndExceptionsTests.java:139)
]]></error>
  </testcase>
  <testcase name="validateInput_blankInputs_rejected(String)[6]" classname="com.revature.unittest.parameterizedAndExceptionsTests$NullEmptyExamples" time="0.001">
    <error message="Unresolved compilation problems: &#10;	Syntax error, insert &quot;enum Identifier&quot; to complete EnumHeaderName&#10;	Syntax error, insert &quot;EnumBody&quot; to complete ClassBodyDeclarations&#10;	Syntax error, insert &quot;;&quot; to complete BlockStatements&#10;	Syntax error, insert &quot;;&quot; to complete BlockStatements&#10;	The method assertThrows(Class&lt;T&gt;, Executable) in the type Assertions is not applicable for the arguments (Class&lt;ArithmeticException&gt;)&#10;	Syntax error on token &quot;,&quot;, [ expected&#10;	The target type of this expression must be a functional interface&#10;	Syntax error, insert &quot;]&quot; to complete Expression&#10;	Syntax error, insert &quot;AssignmentOperator Expression&quot; to complete Expression&#10;	Syntax error, insert &quot;;&quot; to complete BlockStatements&#10;	ArithemticException cannot be resolved to a type&#10;	Syntax error on token &quot;exception&quot;, delete this token&#10;	getMessage cannot be resolved or is not a field&#10;	The method assertDoesNotThrow(Executable) in the type Assertions is not applicable for the arguments ()&#10;	Syntax error on token &quot;-&gt;&quot;, ; expected&#10;" type="java.lang.Error"><![CDATA[java.lang.Error: 
Unresolved compilation problems: 
	Syntax error, insert "enum Identifier" to complete EnumHeaderName
	Syntax error, insert "EnumBody" to complete ClassBodyDeclarations
	Syntax error, insert ";" to complete BlockStatements
	Syntax error, insert ";" to complete BlockStatements
	The method assertThrows(Class<T>, Executable) in the type Assertions is not applicable for the arguments (Class<ArithmeticException>)
	Syntax error on token ",", [ expected
	The target type of this expression must be a functional interface
	Syntax error, insert "]" to complete Expression
	Syntax error, insert "AssignmentOperator Expression" to complete Expression
	Syntax error, insert ";" to complete BlockStatements
	ArithemticException cannot be resolved to a type
	Syntax error on token "exception", delete this token
	getMessage cannot be resolved or is not a field
	The method assertDoesNotThrow(Executable) in the type Assertions is not applicable for the arguments ()
	Syntax error on token "->", ; expected

	at com.revature.unittest.parameterizedAndExceptionsTests.<init>(parameterizedAndExceptionsTests.java:139)
]]></error>
  </testcase>
</testsuite>